<?xml version="1.0" encoding="UTF-8"?>
<!-- Generated by org.testng.reporters.JUnitReportReporter -->
<testsuite skipped="0" hostname="AIPL2361LT06766" name="dockerhub.ChromeTest2" tests="1" failures="0" timestamp="21 Jul 2020 16:35:29 GMT" time="11.608" errors="0">
  <testcase name="SpiceJetTest" time="11.608" classname="dockerhub.ChromeTest2"/>
</testsuite> <!-- dockerhub.ChromeTest2 -->
