<?xml version="1.0" encoding="UTF-8"?>
<!-- Generated by org.testng.reporters.JUnitReportReporter -->
<testsuite skipped="0" hostname="AIPL2361LT06766" name="dockerhub.StartDocker" tests="1" failures="0" timestamp="22 Jul 2020 06:11:04 GMT" time="0.067" errors="0">
  <testcase name="startDockerFile" time="0.067" classname="dockerhub.StartDocker"/>
</testsuite> <!-- dockerhub.StartDocker -->
